<?xml version="1.0" encoding="UTF-8"?>
<!-- Generated by org.testng.reporters.JUnitXMLReporter -->
<testsuite ignored="2" hostname="DESKTOP-PIJCOC8" failures="0" tests="1" name="Test" time="17.423" errors="0" timestamp="2024-12-17T15:04:26 IST">
  <testcase classname="com.crm.configAnnotations.orgTest.CreateOrgTest" name="createOrgTest" time="6.599"/>
  <testcase classname="com.crm.configAnnotations.orgTest.CreateOrgTest" name="createOrgTestWithIndustry" time="0.0">
    <ignored/>
  </testcase> <!-- createOrgTestWithIndustry -->
  <testcase classname="com.crm.configAnnotations.orgTest.CreateOrgTest" name="createOrgTestWithPhoneNumber" time="0.0">
    <ignored/>
  </testcase> <!-- createOrgTestWithPhoneNumber -->
</testsuite> <!-- Test -->
